<?xml version="1.0" encoding="UTF-8"?>
<!-- Generated by org.testng.reporters.JUnitXMLReporter -->
<testsuite ignored="0" hostname="DESKTOP-LN4QVHI" failures="0" tests="2" name="Error Validations Test" time="36.376" errors="0" timestamp="2026-01-28T20:42:21 EST">
  <testcase classname="rahulshettyacademy.tests.ErrorValidationsTest" name="LoginErrorValidation" time="0.787"/>
  <testcase classname="rahulshettyacademy.tests.ErrorValidationsTest" name="ProductErrorValidation" time="25.162"/>
</testsuite> <!-- Error Validations Test -->
