<?xml version="1.0" encoding="UTF-8"?>
<!-- Generated by org.testng.reporters.JUnitReportReporter -->
<testsuite hostname="DESKTOP-LN4QVHI" failures="0" tests="3" name="rahulshettyacademy.tests.SubmitOrderTest" time="53.120" errors="0" timestamp="2026-01-28T20:42:37 EST" skipped="0">
  <testcase classname="rahulshettyacademy.tests.SubmitOrderTest" name="submitOrder" time="23.849"/>
  <testcase classname="rahulshettyacademy.tests.SubmitOrderTest" name="submitOrder" time="23.187"/>
  <testcase classname="rahulshettyacademy.tests.SubmitOrderTest" name="OrderHistoryTest" time="6.084"/>
</testsuite> <!-- rahulshettyacademy.tests.SubmitOrderTest -->
