<?xml version="1.0" encoding="UTF-8"?>
<!-- Generated by org.testng.reporters.JUnitReportReporter -->
<testsuite hostname="DESKTOP-LN4QVHI" failures="0" tests="2" name="rahulshettyacademy.tests.ErrorValidationsTest" time="36.334" errors="0" timestamp="2026-01-28T20:42:37 EST" skipped="0">
  <testcase classname="rahulshettyacademy.tests.ErrorValidationsTest" name="ProductErrorValidation" time="29.877"/>
  <testcase classname="rahulshettyacademy.tests.ErrorValidationsTest" name="LoginErrorValidation" time="6.457"/>
</testsuite> <!-- rahulshettyacademy.tests.ErrorValidationsTest -->
